<?xml version="1.0" encoding="UTF-8"?>
<!-- Generated by org.testng.reporters.JUnitReportReporter -->
<testsuite hostname="bisma" failures="0" tests="6" name="org.example.testexecution" time="148.386" errors="0" timestamp="2024-05-22T11:44:15 PKT" skipped="0">
  <testcase classname="org.example.testexecution" name="login" time="5.415"/>
  <testcase classname="org.example.testexecution" name="admin" time="32.147"/>
  <testcase classname="org.example.testexecution" name="pim" time="46.262"/>
  <testcase classname="org.example.testexecution" name="leave" time="24.236"/>
  <testcase classname="org.example.testexecution" name="performance" time="27.065"/>
  <testcase classname="org.example.testexecution" name="dashboard" time="13.261"/>
</testsuite> <!-- org.example.testexecution -->
